{"/Users/darinabilenko/Desktop/Buena/tenant-form-app/src/components/Input.tsx": {"path":"/Users/darinabilenko/Desktop/Buena/tenant-form-app/src/components/Input.tsx","statementMap":{"0":{"start":{"line":20,"column":2},"end":{"line":48,"column":4}},"1":{"start":{"line":51,"column":0},"end":{"line":51,"column":21}}},"fnMap":{"0":{"name":"Input","decl":{"start":{"line":11,"column":9},"end":{"line":11,"column":14}},"loc":{"start":{"line":19,"column":13},"end":{"line":49,"column":1}}}},"branchMap":{"0":{"loc":{"start":{"line":24,"column":10},"end":{"line":26,"column":null}},"type":"cond-expr","locations":[{"start":{"line":25,"column":14},"end":{"line":25,"column":38}},{"start":{"line":26,"column":14},"end":{"line":26,"column":null}}]},"1":{"loc":{"start":{"line":33,"column":10},"end":{"line":35,"column":null}},"type":"cond-expr","locations":[{"start":{"line":34,"column":14},"end":{"line":34,"column":63}},{"start":{"line":35,"column":14},"end":{"line":35,"column":null}}]},"2":{"loc":{"start":{"line":45,"column":13},"end":{"line":45,"column":62}},"type":"cond-expr","locations":[{"start":{"line":45,"column":38},"end":{"line":45,"column":57}},{"start":{"line":45,"column":60},"end":{"line":45,"column":62}}]}},"s":{"0":1,"1":1},"f":{"0":1},"b":{"0":[0,1],"1":[0,1],"2":[1,0]}}
,"/Users/darinabilenko/Desktop/Buena/tenant-form-app/src/components/SalaryForm.tsx": {"path":"/Users/darinabilenko/Desktop/Buena/tenant-form-app/src/components/SalaryForm.tsx","statementMap":{"0":{"start":{"line":1,"column":0},"end":{"line":1,"column":54}},"1":{"start":{"line":23,"column":19},"end":{"line":25,"column":4}},"2":{"start":{"line":27,"column":2},"end":{"line":65,"column":4}},"3":{"start":{"line":45,"column":10},"end":{"line":46,"column":null}},"4":{"start":{"line":56,"column":31},"end":{"line":56,"column":71}},"5":{"start":{"line":68,"column":0},"end":{"line":68,"column":26}}},"fnMap":{"0":{"name":"SalaryForm","decl":{"start":{"line":22,"column":9},"end":{"line":22,"column":19}},"loc":{"start":{"line":22,"column":71},"end":{"line":66,"column":1}}},"1":{"name":"(anonymous_1)","decl":{"start":{"line":44,"column":26},"end":{"line":44,"column":27}},"loc":{"start":{"line":45,"column":10},"end":{"line":46,"column":null}}},"2":{"name":"(anonymous_2)","decl":{"start":{"line":56,"column":24},"end":{"line":56,"column":25}},"loc":{"start":{"line":56,"column":31},"end":{"line":56,"column":71}}}},"branchMap":{"0":{"loc":{"start":{"line":24,"column":4},"end":{"line":24,"column":null}},"type":"cond-expr","locations":[{"start":{"line":24,"column":29},"end":{"line":24,"column":43}},{"start":{"line":24,"column":46},"end":{"line":24,"column":null}}]},"1":{"loc":{"start":{"line":31,"column":10},"end":{"line":31,"column":null}},"type":"cond-expr","locations":[{"start":{"line":31,"column":35},"end":{"line":31,"column":42}},{"start":{"line":31,"column":45},"end":{"line":31,"column":null}}]},"2":{"loc":{"start":{"line":36,"column":12},"end":{"line":38,"column":null}},"type":"cond-expr","locations":[{"start":{"line":37,"column":16},"end":{"line":37,"column":40}},{"start":{"line":38,"column":16},"end":{"line":38,"column":null}}]},"3":{"loc":{"start":{"line":48,"column":14},"end":{"line":48,"column":null}},"type":"cond-expr","locations":[{"start":{"line":48,"column":39},"end":{"line":48,"column":46}},{"start":{"line":48,"column":49},"end":{"line":48,"column":null}}]}},"s":{"0":1,"1":2,"2":2,"3":10,"4":1,"5":1},"f":{"0":2,"1":10,"2":1},"b":{"0":[0,2],"1":[0,2],"2":[0,2],"3":[0,10]}}
,"/Users/darinabilenko/Desktop/Buena/tenant-form-app/src/constants/constants.ts": {"path":"/Users/darinabilenko/Desktop/Buena/tenant-form-app/src/constants/constants.ts","statementMap":{"0":{"start":{"line":1,"column":13},"end":{"line":7,"column":4}}},"fnMap":{},"branchMap":{},"s":{"0":1},"f":{},"b":{}}
}
