TN:
SF:src/components/Input.tsx
FN:11,Input
FNF:1
FNH:1
FNDA:1,Input
DA:20,1
DA:51,1
LF:2
LH:2
BRDA:24,0,0,0
BRDA:24,0,1,1
BRDA:33,1,0,0
BRDA:33,1,1,1
BRDA:45,2,0,1
BRDA:45,2,1,0
BRF:6
BRH:3
end_of_record
TN:
SF:src/components/SalaryForm.tsx
FN:22,SalaryForm
FN:44,(anonymous_1)
FN:56,(anonymous_2)
FNF:3
FNH:3
FNDA:2,SalaryForm
FNDA:10,(anonymous_1)
FNDA:1,(anonymous_2)
DA:1,1
DA:23,2
DA:27,2
DA:45,10
DA:56,1
DA:68,1
LF:6
LH:6
BRDA:24,0,0,0
BRDA:24,0,1,2
BRDA:31,1,0,0
BRDA:31,1,1,2
BRDA:36,2,0,0
BRDA:36,2,1,2
BRDA:48,3,0,0
BRDA:48,3,1,10
BRF:8
BRH:4
end_of_record
TN:
SF:src/constants/constants.ts
FNF:0
FNH:0
DA:1,1
LF:1
LH:1
BRF:0
BRH:0
end_of_record
